app/build/intermediates/manifest_merge_blame_file/release/manifest-merger-blame-release-report.txt
1<?xml version="1.0" encoding="utf-8"?>
2<manifest xmlns:android="http://schemas.android.com/apk/res/android"
3    package="com.example.kotlin_test"
4    android:versionCode="1"
5    android:versionName="1.0" >
6
7    <uses-sdk
8        android:minSdkVersion="15"
8-->src/main/AndroidManifest.xml
9        android:targetSdkVersion="29" />
9-->src/main/AndroidManifest.xml
10
11    <application
11-->src/main/AndroidManifest.xml:5:5-21:19
12        android:allowBackup="true"
12-->src/main/AndroidManifest.xml:6:9-35
13        android:appComponentFactory="androidx.core.app.CoreComponentFactory"
13-->[androidx.core:core:1.0.2] AndroidManifest.xml:22:18-86
14        android:documentLaunchMode="intoExisting"
14-->src/main/AndroidManifest.xml:11:9-50
15        android:icon="@mipmap/ic_launcher"
15-->src/main/AndroidManifest.xml:7:9-43
16        android:label="@string/app_name"
16-->src/main/AndroidManifest.xml:8:9-41
17        android:roundIcon="@mipmap/ic_launcher_round"
17-->src/main/AndroidManifest.xml:9:9-54
18        android:supportsRtl="true"
18-->src/main/AndroidManifest.xml:10:9-35
19        android:theme="@style/AppTheme" >
19-->src/main/AndroidManifest.xml:12:9-40
20        <activity
20-->src/main/AndroidManifest.xml:13:9-20:20
21            android:name="com.example.kotlin_test.MainActivity"
21-->src/main/AndroidManifest.xml:13:19-47
22            android:screenOrientation="portrait" >
22-->src/main/AndroidManifest.xml:14:13-49
23            <intent-filter>
23-->src/main/AndroidManifest.xml:15:13-19:29
24                <action android:name="android.intent.action.MAIN" />
24-->src/main/AndroidManifest.xml:16:17-69
24-->src/main/AndroidManifest.xml:16:25-66
25
26                <category android:name="android.intent.category.LAUNCHER" />
26-->src/main/AndroidManifest.xml:18:17-77
26-->src/main/AndroidManifest.xml:18:27-74
27            </intent-filter>
28        </activity>
29    </application>
30
31</manifest>